<?xml version="1.0" encoding="UTF-8"?>
<testsuite name="ca.mcgill.ecse321.gamestore.GamestoreApplicationTests" tests="1" skipped="0" failures="0" errors="0" timestamp="2024-10-10T07:06:35" hostname="KAT_THINKPAD" time="0.937">
  <properties/>
  <testcase name="contextLoads()" classname="ca.mcgill.ecse321.gamestore.GamestoreApplicationTests" time="0.937"/>
  <system-out><![CDATA[03:06:25.470 [Test worker] INFO org.springframework.test.context.support.AnnotationConfigContextLoaderUtils -- Could not detect default configuration classes for test class [ca.mcgill.ecse321.gamestore.GamestoreApplicationTests]: GamestoreApplicationTests does not declare any static, non-private, non-final, nested classes annotated with @Configuration.
03:06:25.670 [Test worker] INFO org.springframework.boot.test.context.SpringBootTestContextBootstrapper -- Found @SpringBootConfiguration ca.mcgill.ecse321.gamestore.GamestoreApplication for test class ca.mcgill.ecse321.gamestore.GamestoreApplicationTests

  .   ____          _            __ _ _
 /\\ / ___'_ __ _ _(_)_ __  __ _ \ \ \ \
( ( )\___ | '_ | '_| | '_ \/ _` | \ \ \ \
 \\/  ___)| |_)| | | | | || (_| |  ) ) ) )
  '  |____| .__|_| |_|_| |_\__, | / / / /
 =========|_|==============|___/=/_/_/_/

 :: Spring Boot ::                (v3.3.4)

2024-10-10T03:06:26.448-04:00  INFO 816 --- [    Test worker] c.m.e.g.GamestoreApplicationTests        : Starting GamestoreApplicationTests using Java 21.0.4 with PID 816 (started by katri in C:\Users\katri\IdeaProjects\project-group-2)
2024-10-10T03:06:26.451-04:00  INFO 816 --- [    Test worker] c.m.e.g.GamestoreApplicationTests        : No active profile set, falling back to 1 default profile: "default"
2024-10-10T03:06:27.722-04:00  INFO 816 --- [    Test worker] .s.d.r.c.RepositoryConfigurationDelegate : Bootstrapping Spring Data JPA repositories in DEFAULT mode.
2024-10-10T03:06:27.847-04:00  INFO 816 --- [    Test worker] .s.d.r.c.RepositoryConfigurationDelegate : Finished Spring Data repository scanning in 102 ms. Found 3 JPA repository interfaces.
2024-10-10T03:06:28.889-04:00  INFO 816 --- [    Test worker] o.hibernate.jpa.internal.util.LogHelper  : HHH000204: Processing PersistenceUnitInfo [name: default]
2024-10-10T03:06:29.065-04:00  INFO 816 --- [    Test worker] org.hibernate.Version                    : HHH000412: Hibernate ORM core version 6.5.3.Final
2024-10-10T03:06:29.135-04:00  INFO 816 --- [    Test worker] o.h.c.internal.RegionFactoryInitiator    : HHH000026: Second-level cache disabled
2024-10-10T03:06:29.808-04:00  INFO 816 --- [    Test worker] o.s.o.j.p.SpringPersistenceUnitInfo      : No LoadTimeWeaver setup: ignoring JPA class transformer
2024-10-10T03:06:29.878-04:00  INFO 816 --- [    Test worker] com.zaxxer.hikari.HikariDataSource       : HikariPool-1 - Starting...
2024-10-10T03:06:30.334-04:00  INFO 816 --- [    Test worker] com.zaxxer.hikari.pool.HikariPool        : HikariPool-1 - Added connection org.postgresql.jdbc.PgConnection@175f859e
2024-10-10T03:06:30.339-04:00  INFO 816 --- [    Test worker] com.zaxxer.hikari.HikariDataSource       : HikariPool-1 - Start completed.
2024-10-10T03:06:30.401-04:00  WARN 816 --- [    Test worker] org.hibernate.orm.deprecation            : HHH90000025: PostgreSQLDialect does not need to be specified explicitly using 'hibernate.dialect' (remove the property setting and it will be selected by default)
2024-10-10T03:06:32.463-04:00  INFO 816 --- [    Test worker] o.h.m.i.EntityInstantiatorPojoStandard   : HHH000182: No default (no-argument) constructor for class: ca.mcgill.ecse321.gamestore.model.Employee (class must be instantiated by Interceptor)
2024-10-10T03:06:32.679-04:00  INFO 816 --- [    Test worker] o.h.m.i.EntityInstantiatorPojoStandard   : HHH000182: No default (no-argument) constructor for class: ca.mcgill.ecse321.gamestore.model.Customer (class must be instantiated by Interceptor)
2024-10-10T03:06:32.802-04:00  INFO 816 --- [    Test worker] o.h.m.i.EntityInstantiatorPojoStandard   : HHH000182: No default (no-argument) constructor for class: ca.mcgill.ecse321.gamestore.model.WishList (class must be instantiated by Interceptor)
2024-10-10T03:06:33.374-04:00  INFO 816 --- [    Test worker] o.h.e.t.j.p.i.JtaPlatformInitiator       : HHH000489: No JTA platform available (set 'hibernate.transaction.jta.platform' to enable JTA platform integration)
2024-10-10T03:06:33.696-04:00  INFO 816 --- [    Test worker] j.LocalContainerEntityManagerFactoryBean : Initialized JPA EntityManagerFactory for persistence unit 'default'
2024-10-10T03:06:33.992-04:00  WARN 816 --- [    Test worker] JpaBaseConfiguration$JpaWebConfiguration : spring.jpa.open-in-view is enabled by default. Therefore, database queries may be performed during view rendering. Explicitly configure spring.jpa.open-in-view to disable this warning
2024-10-10T03:06:35.799-04:00  INFO 816 --- [    Test worker] c.m.e.g.GamestoreApplicationTests        : Started GamestoreApplicationTests in 9.812 seconds (process running for 12.239)
]]></system-out>
  <system-err><![CDATA[WARNING: A Java agent has been loaded dynamically (C:\Users\katri\.gradle\caches\modules-2\files-2.1\net.bytebuddy\byte-buddy-agent\1.14.19\154da3a65b4f4a909d3e5bdec55d1b2b4cbb6ce1\byte-buddy-agent-1.14.19.jar)
WARNING: If a serviceability tool is in use, please run with -XX:+EnableDynamicAgentLoading to hide this warning
WARNING: If a serviceability tool is not in use, please run with -Djdk.instrument.traceUsage for more information
WARNING: Dynamic loading of agents will be disallowed by default in a future release
]]></system-err>
</testsuite>
