<?xml version="1.0" encoding="UTF-8"?>
<testsuite name="ca.mcgill.ecse321.gamestore.GamestoreApplicationTests" tests="1" skipped="0" failures="0" errors="0" timestamp="2024-10-09T05:09:49" hostname="KAT_THINKPAD" time="1.012">
  <properties/>
  <testcase name="contextLoads()" classname="ca.mcgill.ecse321.gamestore.GamestoreApplicationTests" time="1.012"/>
  <system-out><![CDATA[01:09:39.980 [Test worker] INFO org.springframework.test.context.support.AnnotationConfigContextLoaderUtils -- Could not detect default configuration classes for test class [ca.mcgill.ecse321.gamestore.GamestoreApplicationTests]: GamestoreApplicationTests does not declare any static, non-private, non-final, nested classes annotated with @Configuration.
01:09:40.204 [Test worker] INFO org.springframework.boot.test.context.SpringBootTestContextBootstrapper -- Found @SpringBootConfiguration ca.mcgill.ecse321.gamestore.GamestoreApplication for test class ca.mcgill.ecse321.gamestore.GamestoreApplicationTests

  .   ____          _            __ _ _
 /\\ / ___'_ __ _ _(_)_ __  __ _ \ \ \ \
( ( )\___ | '_ | '_| | '_ \/ _` | \ \ \ \
 \\/  ___)| |_)| | | | | || (_| |  ) ) ) )
  '  |____| .__|_| |_|_| |_\__, | / / / /
 =========|_|==============|___/=/_/_/_/

 :: Spring Boot ::                (v3.3.4)

2024-10-09T01:09:41.120-04:00  INFO 39076 --- [    Test worker] c.m.e.g.GamestoreApplicationTests        : Starting GamestoreApplicationTests using Java 21.0.4 with PID 39076 (started by katri in C:\Users\katri\IdeaProjects\project-group-2)
2024-10-09T01:09:41.122-04:00  INFO 39076 --- [    Test worker] c.m.e.g.GamestoreApplicationTests        : No active profile set, falling back to 1 default profile: "default"
2024-10-09T01:09:42.551-04:00  INFO 39076 --- [    Test worker] .s.d.r.c.RepositoryConfigurationDelegate : Bootstrapping Spring Data JPA repositories in DEFAULT mode.
2024-10-09T01:09:42.643-04:00  INFO 39076 --- [    Test worker] .s.d.r.c.RepositoryConfigurationDelegate : Finished Spring Data repository scanning in 51 ms. Found 0 JPA repository interfaces.
2024-10-09T01:09:43.627-04:00  INFO 39076 --- [    Test worker] o.hibernate.jpa.internal.util.LogHelper  : HHH000204: Processing PersistenceUnitInfo [name: default]
2024-10-09T01:09:43.824-04:00  INFO 39076 --- [    Test worker] org.hibernate.Version                    : HHH000412: Hibernate ORM core version 6.5.3.Final
2024-10-09T01:09:43.893-04:00  INFO 39076 --- [    Test worker] o.h.c.internal.RegionFactoryInitiator    : HHH000026: Second-level cache disabled
2024-10-09T01:09:44.418-04:00  INFO 39076 --- [    Test worker] o.s.o.j.p.SpringPersistenceUnitInfo      : No LoadTimeWeaver setup: ignoring JPA class transformer
2024-10-09T01:09:44.476-04:00  INFO 39076 --- [    Test worker] com.zaxxer.hikari.HikariDataSource       : HikariPool-1 - Starting...
2024-10-09T01:09:44.919-04:00  INFO 39076 --- [    Test worker] com.zaxxer.hikari.pool.HikariPool        : HikariPool-1 - Added connection org.postgresql.jdbc.PgConnection@33215ffb
2024-10-09T01:09:44.922-04:00  INFO 39076 --- [    Test worker] com.zaxxer.hikari.HikariDataSource       : HikariPool-1 - Start completed.
2024-10-09T01:09:45.016-04:00  WARN 39076 --- [    Test worker] org.hibernate.orm.deprecation            : HHH90000025: PostgreSQLDialect does not need to be specified explicitly using 'hibernate.dialect' (remove the property setting and it will be selected by default)
2024-10-09T01:09:46.911-04:00  INFO 39076 --- [    Test worker] o.h.m.i.EntityInstantiatorPojoStandard   : HHH000182: No default (no-argument) constructor for class: ca.mcgill.ecse321.gamestore.model.Employee (class must be instantiated by Interceptor)
2024-10-09T01:09:47.100-04:00  INFO 39076 --- [    Test worker] o.h.m.i.EntityInstantiatorPojoStandard   : HHH000182: No default (no-argument) constructor for class: ca.mcgill.ecse321.gamestore.model.Customer (class must be instantiated by Interceptor)
2024-10-09T01:09:47.191-04:00  INFO 39076 --- [    Test worker] o.h.m.i.EntityInstantiatorPojoStandard   : HHH000182: No default (no-argument) constructor for class: ca.mcgill.ecse321.gamestore.model.WishList (class must be instantiated by Interceptor)
2024-10-09T01:09:47.625-04:00  INFO 39076 --- [    Test worker] o.h.e.t.j.p.i.JtaPlatformInitiator       : HHH000489: No JTA platform available (set 'hibernate.transaction.jta.platform' to enable JTA platform integration)
2024-10-09T01:09:47.737-04:00  WARN 39076 --- [    Test worker] o.h.engine.jdbc.spi.SqlExceptionHelper   : SQL Warning Code: 0, SQLState: 00000
2024-10-09T01:09:47.737-04:00  WARN 39076 --- [    Test worker] o.h.engine.jdbc.spi.SqlExceptionHelper   : constraint "ukmtcb9m17qjf8p97461bu4cl42" of relation "customer" does not exist, skipping
2024-10-09T01:09:47.742-04:00  WARN 39076 --- [    Test worker] o.h.engine.jdbc.spi.SqlExceptionHelper   : SQL Warning Code: 0, SQLState: 00000
2024-10-09T01:09:47.743-04:00  WARN 39076 --- [    Test worker] o.h.engine.jdbc.spi.SqlExceptionHelper   : constraint "ukgipgvk6mw4uwm029r2sjmp3ey" of relation "customer_review" does not exist, skipping
2024-10-09T01:09:47.748-04:00  WARN 39076 --- [    Test worker] o.h.engine.jdbc.spi.SqlExceptionHelper   : SQL Warning Code: 0, SQLState: 00000
2024-10-09T01:09:47.749-04:00  WARN 39076 --- [    Test worker] o.h.engine.jdbc.spi.SqlExceptionHelper   : constraint "uk1hacqwuyrd3blpu201ch35jmf" of relation "wish_list_line_item_in_wish_list" does not exist, skipping
2024-10-09T01:09:47.915-04:00  INFO 39076 --- [    Test worker] j.LocalContainerEntityManagerFactoryBean : Initialized JPA EntityManagerFactory for persistence unit 'default'
2024-10-09T01:09:48.195-04:00  WARN 39076 --- [    Test worker] JpaBaseConfiguration$JpaWebConfiguration : spring.jpa.open-in-view is enabled by default. Therefore, database queries may be performed during view rendering. Explicitly configure spring.jpa.open-in-view to disable this warning
2024-10-09T01:09:49.125-04:00  INFO 39076 --- [    Test worker] c.m.e.g.GamestoreApplicationTests        : Started GamestoreApplicationTests in 8.554 seconds (process running for 10.731)
]]></system-out>
  <system-err><![CDATA[WARNING: A Java agent has been loaded dynamically (C:\Users\katri\.gradle\caches\modules-2\files-2.1\net.bytebuddy\byte-buddy-agent\1.14.19\154da3a65b4f4a909d3e5bdec55d1b2b4cbb6ce1\byte-buddy-agent-1.14.19.jar)
WARNING: If a serviceability tool is in use, please run with -XX:+EnableDynamicAgentLoading to hide this warning
WARNING: If a serviceability tool is not in use, please run with -Djdk.instrument.traceUsage for more information
WARNING: Dynamic loading of agents will be disallowed by default in a future release
]]></system-err>
</testsuite>
